# JRE version: OpenJDK Runtime Environment Homebrew (11.0.12) (build 11.0.12+0)
# Java VM: OpenJDK 64-Bit Server VM Homebrew (11.0.12+0, mixed mode, tiered, compressed oops, g1 gc, bsd-aarch64)
Heap:
 garbage-first heap   total 317440K, used 194920K [0x00000005c0000000, 0x00000007c0000000)
  region size 2048K, 62 young (126976K), 4 survivors (8192K)
 Metaspace       used 63150K, capacity 64376K, committed 64592K, reserved 1105920K
  class space    used 6905K, capacity 7424K, committed 7424K, reserved 1048576K
GC Heap History (20 events):
Event: 262.729 GC heap before
{Heap before GC invocations=18 (full 1):
 garbage-first heap   total 110592K, used 53078K [0x00000005c0000000, 0x00000007c0000000)
  region size 2048K, 3 young (6144K), 2 survivors (4096K)
 Metaspace       used 59980K, capacity 61052K, committed 61264K, reserved 1103872K
  class space    used 6601K, capacity 7051K, committed 7168K, reserved 1048576K
}
Event: 262.732 GC heap after
{Heap after GC invocations=19 (full 1):
 garbage-first heap   total 110592K, used 51347K [0x00000005c0000000, 0x00000007c0000000)
  region size 2048K, 1 young (2048K), 1 survivors (2048K)
 Metaspace       used 59980K, capacity 61052K, committed 61264K, reserved 1103872K
  class space    used 6601K, capacity 7051K, committed 7168K, reserved 1048576K
}
Event: 262.799 GC heap before
{Heap before GC invocations=19 (full 1):
 garbage-first heap   total 110592K, used 77971K [0x00000005c0000000, 0x00000007c0000000)
  region size 2048K, 14 young (28672K), 1 survivors (2048K)
 Metaspace       used 60316K, capacity 61424K, committed 61520K, reserved 1103872K
  class space    used 6645K, capacity 7111K, committed 7168K, reserved 1048576K
}
Event: 262.801 GC heap after
{Heap after GC invocations=20 (full 1):
 garbage-first heap   total 110592K, used 52505K [0x00000005c0000000, 0x00000007c0000000)
  region size 2048K, 1 young (2048K), 1 survivors (2048K)
 Metaspace       used 60316K, capacity 61424K, committed 61520K, reserved 1103872K
  class space    used 6645K, capacity 7111K, committed 7168K, reserved 1048576K
}
Event: 262.833 GC heap before
{Heap before GC invocations=20 (full 1):
 garbage-first heap   total 110592K, used 79129K [0x00000005c0000000, 0x00000007c0000000)
  region size 2048K, 15 young (30720K), 1 survivors (2048K)
 Metaspace       used 60371K, capacity 61500K, committed 61776K, reserved 1103872K
  class space    used 6650K, capacity 7115K, committed 7168K, reserved 1048576K
}
Event: 262.837 GC heap after
{Heap after GC invocations=21 (full 1):
 garbage-first heap   total 110592K, used 57100K [0x00000005c0000000, 0x00000007c0000000)
  region size 2048K, 2 young (4096K), 2 survivors (4096K)
 Metaspace       used 60371K, capacity 61500K, committed 61776K, reserved 1103872K
  class space    used 6650K, capacity 7115K, committed 7168K, reserved 1048576K
}
Event: 262.869 GC heap before
{Heap before GC invocations=22 (full 1):
 garbage-first heap   total 110592K, used 81676K [0x00000005c0000000, 0x00000007c0000000)
  region size 2048K, 15 young (30720K), 2 survivors (4096K)
 Metaspace       used 60489K, capacity 61633K, committed 61776K, reserved 1103872K
  class space    used 6665K, capacity 7156K, committed 7168K, reserved 1048576K
}
Event: 262.874 GC heap after
{Heap after GC invocations=23 (full 1):
 garbage-first heap   total 110592K, used 59933K [0x00000005c0000000, 0x00000007c0000000)
  region size 2048K, 2 young (4096K), 2 survivors (4096K)
 Metaspace       used 60489K, capacity 61633K, committed 61776K, reserved 1103872K
  class space    used 6665K, capacity 7156K, committed 7168K, reserved 1048576K
}
Event: 262.903 GC heap before
{Heap before GC invocations=23 (full 1):
 garbage-first heap   total 110592K, used 84509K [0x00000005c0000000, 0x00000007c0000000)
  region size 2048K, 14 young (28672K), 2 survivors (4096K)
 Metaspace       used 61417K, capacity 62564K, committed 62672K, reserved 1105920K
  class space    used 6750K, capacity 7231K, committed 7296K, reserved 1048576K
}
Event: 262.907 GC heap after
{Heap after GC invocations=24 (full 1):
 garbage-first heap   total 110592K, used 62020K [0x00000005c0000000, 0x00000007c0000000)
  region size 2048K, 2 young (4096K), 2 survivors (4096K)
 Metaspace       used 61417K, capacity 62564K, committed 62672K, reserved 1105920K
  class space    used 6750K, capacity 7231K, committed 7296K, reserved 1048576K
}
Event: 262.930 GC heap before
{Heap before GC invocations=24 (full 1):
 garbage-first heap   total 110592K, used 82500K [0x00000005c0000000, 0x00000007c0000000)
  region size 2048K, 12 young (24576K), 2 survivors (4096K)
 Metaspace       used 61489K, capacity 62658K, committed 62928K, reserved 1105920K
  class space    used 6767K, capacity 7241K, committed 7296K, reserved 1048576K
}
Event: 262.932 GC heap after
{Heap after GC invocations=25 (full 1):
 garbage-first heap   total 110592K, used 62670K [0x00000005c0000000, 0x00000007c0000000)
  region size 2048K, 1 young (2048K), 1 survivors (2048K)
 Metaspace       used 61489K, capacity 62658K, committed 62928K, reserved 1105920K
  class space    used 6767K, capacity 7241K, committed 7296K, reserved 1048576K
}
Event: 262.965 GC heap before
{Heap before GC invocations=25 (full 1):
 garbage-first heap   total 110592K, used 85198K [0x00000005c0000000, 0x00000007c0000000)
  region size 2048K, 12 young (24576K), 1 survivors (2048K)
 Metaspace       used 61676K, capacity 62860K, committed 62928K, reserved 1105920K
  class space    used 6775K, capacity 7265K, committed 7296K, reserved 1048576K
}
Event: 262.968 GC heap after
{Heap after GC invocations=26 (full 1):
 garbage-first heap   total 110592K, used 63592K [0x00000005c0000000, 0x00000007c0000000)
  region size 2048K, 1 young (2048K), 1 survivors (2048K)
 Metaspace       used 61676K, capacity 62860K, committed 62928K, reserved 1105920K
  class space    used 6775K, capacity 7265K, committed 7296K, reserved 1048576K
}
Event: 262.992 GC heap before
{Heap before GC invocations=26 (full 1):
 garbage-first heap   total 110592K, used 86120K [0x00000005c0000000, 0x00000007c0000000)
  region size 2048K, 12 young (24576K), 1 survivors (2048K)
 Metaspace       used 61743K, capacity 62903K, committed 62928K, reserved 1105920K
  class space    used 6787K, capacity 7278K, committed 7296K, reserved 1048576K
}
Event: 262.995 GC heap after
{Heap after GC invocations=27 (full 1):
 garbage-first heap   total 317440K, used 65125K [0x00000005c0000000, 0x00000007c0000000)
  region size 2048K, 2 young (4096K), 2 survivors (4096K)
 Metaspace       used 61743K, capacity 62903K, committed 62928K, reserved 1105920K
  class space    used 6787K, capacity 7278K, committed 7296K, reserved 1048576K
}
Event: 263.098 GC heap before
{Heap before GC invocations=28 (full 1):
 garbage-first heap   total 317440K, used 163429K [0x00000005c0000000, 0x00000007c0000000)
  region size 2048K, 50 young (102400K), 2 survivors (4096K)
 Metaspace       used 62120K, capacity 63273K, committed 63440K, reserved 1105920K
  class space    used 6813K, capacity 7295K, committed 7296K, reserved 1048576K
}
Event: 263.103 GC heap after
{Heap after GC invocations=29 (full 1):
 garbage-first heap   total 317440K, used 73167K [0x00000005c0000000, 0x00000007c0000000)
  region size 2048K, 6 young (12288K), 6 survivors (12288K)
 Metaspace       used 62120K, capacity 63273K, committed 63440K, reserved 1105920K
  class space    used 6813K, capacity 7295K, committed 7296K, reserved 1048576K
}
Event: 263.217 GC heap before
{Heap before GC invocations=29 (full 1):
 garbage-first heap   total 317440K, used 181711K [0x00000005c0000000, 0x00000007c0000000)
  region size 2048K, 59 young (120832K), 6 survivors (12288K)
 Metaspace       used 62642K, capacity 63846K, committed 64080K, reserved 1105920K
  class space    used 6875K, capacity 7379K, committed 7424K, reserved 1048576K
}
Event: 263.224 GC heap after
{Heap after GC invocations=30 (full 1):
 garbage-first heap   total 317440K, used 78184K [0x00000005c0000000, 0x00000007c0000000)
  region size 2048K, 4 young (8192K), 4 survivors (8192K)
 Metaspace       used 62642K, capacity 63846K, committed 64080K, reserved 1105920K
  class space    used 6875K, capacity 7379K, committed 7424K, reserved 1048576K
}

